2024-08-09T21:41:16.841Z [[34mdebug[39m]: Enclosing function: bar
2024-08-09T21:41:16.846Z [[34mdebug[39m]: Marking node 80, incoming edges: NONE
2024-08-09T21:41:16.849Z [[34mdebug[39m]: isRejectable
2024-08-09T21:41:16.992Z [[34mdebug[39m]: Enclosing function: anonymous
2024-08-09T21:41:16.992Z [[34mdebug[39m]: Enclosing function: foo
2024-08-09T21:41:16.993Z [[34mdebug[39m]: Enclosing function: foo
2024-08-09T21:41:16.993Z [[34mdebug[39m]: Enclosing function: bar
2024-08-09T21:41:16.996Z [[34mdebug[39m]: Shortest path from test to index.js:bar:9:0:14:1: test/test.js:anon:9:34:13:2,index.js:foo:3:0:7:1,index.js:bar:9:0:14:1
2024-08-09T21:41:17.000Z [[34mdebug[39m]: Sending question to GPT model: This is a promise of type "NewPromise", which is not Rejected by the current test suite.
It's potentially Rejectable because contains a call to reject() function or a throw keyword.
If possible, generate a test that can cover this execution path of the promise.
Only include the new test code in your response; no description or anything.
Make sure to include the imports as well. I want the test to be runnable in a separate file.
The current test suite uses mocha.
The module system used in the project is: CommonJS.

Location: index.js
function bar(condition) {
	return new Promise((resolve, reject) => {
		if (condition) resolve("Hello World!");
		else reject("Rejected");
	})
}

The execution path from the test to the mentioned function is included for you to better understand the context.
Each function is separated by ---, and the location of each one is provided.
Also, I have included export info about them, so that you can correctly write the imports and also possibly directly use them in the new test and avoid taking the whole execution path:

Location: test/test.js
            
            function (done) {
		foo().then(() => {
			done()
		});
	}
            
            exported: false
            isDefaultExport: false
            
            ---Location: index.js
            
            function foo() {
	//...
	return bar(true);
	//...
}
            
            exported: true
            isDefaultExport: false
            exportedAs: foo
            ---Location: index.js
            
            function bar(condition) {
	return new Promise((resolve, reject) => {
		if (condition) resolve("Hello World!");
		else reject("Rejected");
	})
}
            
            exported: true
            isDefaultExport: false
            exportedAs: bar
            ---
2024-08-09T21:41:18.689Z [[32minfo[39m]: Received response from GPT model: ```javascript
const { bar } = require('../index');

describe('bar function', function() {
    it('should reject the promise when condition is false', function(done) {
        bar(false).catch((error) => {
            if (error === "Rejected") {
                done();
            } else {
                done(new Error("Expected 'Rejected' but got: " + error));
            }
        });
    });
});
```
2024-08-09T21:46:08.748Z [[32minfo[39m]: Project Name: nested-never-rejected-and-rejectable
2024-08-09T21:46:08.750Z [[32minfo[39m]: Project Path: /home/lsa125/research/PromiTest/tests/fixtures/code/new-promise/nested-never-rejected-and-rejectable/
2024-08-09T21:46:08.750Z [[32minfo[39m]: Config File: {
  "testDirectory": "test",
  "testRunner": "mocha"
}
2024-08-09T21:46:37.871Z [[34mdebug[39m]: Enclosing function: bar
2024-08-09T21:46:37.874Z [[34mdebug[39m]: Marking node 78, incoming edges: NONE
2024-08-09T21:46:38.040Z [[34mdebug[39m]: Enclosing function: anonymous
2024-08-09T21:46:38.041Z [[34mdebug[39m]: Enclosing function: foo
2024-08-09T21:46:38.049Z [[34mdebug[39m]: Enclosing function: anonymous
2024-08-09T21:46:38.050Z [[34mdebug[39m]: Enclosing function: bar
2024-08-09T21:46:38.050Z [[34mdebug[39m]: Enclosing function: foo
2024-08-09T21:46:38.051Z [[34mdebug[39m]: Enclosing function: bar
2024-08-09T21:47:19.212Z [[32minfo[39m]: Project Name: nested-never-rejected-and-rejectable
2024-08-09T21:47:19.215Z [[32minfo[39m]: Project Path: /home/lsa125/research/PromiTest/tests/fixtures/code/new-promise/nested-never-rejected-and-rejectable/
2024-08-09T21:47:19.215Z [[32minfo[39m]: Config File: {
  "testDirectory": "test",
  "testRunner": "mocha"
}
2024-08-09T21:47:47.537Z [[34mdebug[39m]: Enclosing function: bar
2024-08-09T21:47:47.540Z [[34mdebug[39m]: Marking node 80, incoming edges: NONE
2024-08-09T21:47:47.543Z [[34mdebug[39m]: isRejectable true
2024-08-09T21:47:47.685Z [[34mdebug[39m]: Enclosing function: anonymous
2024-08-09T21:47:47.686Z [[34mdebug[39m]: Enclosing function: foo
2024-08-09T21:47:47.687Z [[34mdebug[39m]: Enclosing function: foo
2024-08-09T21:47:47.687Z [[34mdebug[39m]: Enclosing function: bar
2024-08-09T21:47:47.690Z [[34mdebug[39m]: Shortest path from test to index.js:bar:9:0:14:1: test/test.js:anon:9:34:13:2,index.js:foo:3:0:7:1,index.js:bar:9:0:14:1
2024-08-09T21:47:47.695Z [[34mdebug[39m]: Sending question to GPT model: This is a promise of type "NewPromise", which is not Rejected by the current test suite.
It's potentially Rejectable because contains a call to reject() function or a throw keyword.
If possible, generate a test that can cover this execution path of the promise.
Only include the new test code in your response; no description or anything.
Make sure to include the imports as well. I want the test to be runnable in a separate file.
The current test suite uses mocha.
The module system used in the project is: CommonJS.

Location: index.js
function bar(condition) {
	return new Promise((resolve, reject) => {
		if (condition) resolve("Hello World!");
		else reject("Rejected");
	})
}

The execution path from the test to the mentioned function is included for you to better understand the context.
Each function is separated by ---, and the location of each one is provided.
Also, I have included export info about them, so that you can correctly write the imports and also possibly directly use them in the new test and avoid taking the whole execution path:

Location: test/test.js
            
            function (done) {
		foo().then(() => {
			done()
		});
	}
            
            exported: false
            isDefaultExport: false
            
            ---Location: index.js
            
            function foo() {
	//...
	return bar(true);
	//...
}
            
            exported: true
            isDefaultExport: false
            exportedAs: foo
            ---Location: index.js
            
            function bar(condition) {
	return new Promise((resolve, reject) => {
		if (condition) resolve("Hello World!");
		else reject("Rejected");
	})
}
            
            exported: true
            isDefaultExport: false
            exportedAs: bar
            ---
2024-08-09T21:47:49.440Z [[32minfo[39m]: Received response from GPT model: ```javascript
const { bar } = require('../index');

describe('bar function', () => {
    it('should reject the promise when condition is false', (done) => {
        bar(false).catch((error) => {
            if (error === "Rejected") {
                done();
            } else {
                done(new Error('Expected promise to be rejected with "Rejected"'));
            }
        });
    });
});
```
